  main.cpp
c:\users\user\source\repos\openglsetup\dependencies\include\cube.h(59): warning C4305: '=': truncation from 'double' to 'float'
c:\users\user\source\repos\openglsetup\dependencies\include\cube.h(64): warning C4305: '=': truncation from 'double' to 'float'
c:\users\user\downloads\robogame-main\robogame-main\texturecube.c(169): warning C4018: '<': signed/unsigned mismatch
c:\users\user\downloads\robogame-main\robogame-main\texturecube.c(171): warning C4018: '<': signed/unsigned mismatch
c:\users\user\downloads\robogame-main\robogame-main\texturecube.c(103): warning C4101: 'ch2': unreferenced local variable
c:\users\user\downloads\robogame-main\robogame-main\texturecube.c(102): warning C4101: 'k': unreferenced local variable
c:\users\user\downloads\robogame-main\robogame-main\texturecube.c(101): warning C4101: 'index': unreferenced local variable
c:\users\user\downloads\robogame-main\robogame-main\texturecube.c(103): warning C4101: 'ch1': unreferenced local variable
c:\users\user\downloads\robogame-main\robogame-main\texturecube.c(209): warning C4305: 'initializing': truncation from 'double' to 'GLfloat'
c:\users\user\source\repos\openglsetup\openglsetup\main.cpp(70): warning C4244: 'initializing': conversion from 'double' to 'float', possible loss of data
c:\users\user\source\repos\openglsetup\openglsetup\main.cpp(73): warning C4244: 'initializing': conversion from 'double' to 'float', possible loss of data
c:\users\user\source\repos\openglsetup\openglsetup\main.cpp(74): warning C4244: 'initializing': conversion from 'double' to 'float', possible loss of data
c:\users\user\source\repos\openglsetup\openglsetup\main.cpp(75): warning C4244: 'initializing': conversion from 'double' to 'float', possible loss of data
c:\users\user\source\repos\openglsetup\openglsetup\main.cpp(79): warning C4244: 'initializing': conversion from 'double' to 'float', possible loss of data
c:\users\user\source\repos\openglsetup\openglsetup\main.cpp(81): warning C4244: 'initializing': conversion from 'double' to 'float', possible loss of data
c:\users\user\source\repos\openglsetup\openglsetup\main.cpp(82): warning C4244: 'initializing': conversion from 'double' to 'float', possible loss of data
c:\users\user\source\repos\openglsetup\openglsetup\main.cpp(83): warning C4244: 'initializing': conversion from 'double' to 'float', possible loss of data
c:\users\user\source\repos\openglsetup\openglsetup\main.cpp(104): warning C4244: 'initializing': conversion from 'double' to 'int', possible loss of data
c:\users\user\source\repos\openglsetup\openglsetup\main.cpp(105): warning C4244: 'initializing': conversion from 'double' to 'int', possible loss of data
c:\users\user\source\repos\openglsetup\openglsetup\main.cpp(231): warning C4244: 'argument': conversion from 'time_t' to 'unsigned int', possible loss of data
c:\users\user\source\repos\openglsetup\openglsetup\main.cpp(395): warning C4244: '=': conversion from 'double' to 'float', possible loss of data
c:\users\user\source\repos\openglsetup\openglsetup\main.cpp(396): warning C4244: '=': conversion from 'double' to 'float', possible loss of data
c:\users\user\source\repos\openglsetup\openglsetup\main.cpp(397): warning C4244: '=': conversion from 'double' to 'float', possible loss of data
c:\users\user\source\repos\openglsetup\openglsetup\main.cpp(398): warning C4244: '=': conversion from 'double' to 'float', possible loss of data
c:\users\user\source\repos\openglsetup\openglsetup\main.cpp(399): warning C4244: 'argument': conversion from 'double' to 'GLfloat', possible loss of data
c:\users\user\source\repos\openglsetup\openglsetup\main.cpp(401): warning C4244: 'argument': conversion from 'double' to 'GLfloat', possible loss of data
c:\users\user\source\repos\openglsetup\openglsetup\main.cpp(402): warning C4305: 'argument': truncation from 'double' to 'GLfloat'
c:\users\user\source\repos\openglsetup\openglsetup\main.cpp(403): warning C4244: 'argument': conversion from 'double' to 'GLfloat', possible loss of data
c:\users\user\source\repos\openglsetup\openglsetup\main.cpp(404): warning C4305: 'argument': truncation from 'double' to 'GLfloat'
c:\users\user\source\repos\openglsetup\openglsetup\main.cpp(405): warning C4244: 'argument': conversion from 'double' to 'GLfloat', possible loss of data
c:\users\user\source\repos\openglsetup\openglsetup\main.cpp(534): warning C4244: '+=': conversion from 'double' to 'int', possible loss of data
c:\users\user\source\repos\openglsetup\openglsetup\main.cpp(537): warning C4244: '=': conversion from 'float' to 'int', possible loss of data
c:\users\user\source\repos\openglsetup\openglsetup\main.cpp(625): warning C4244: 'initializing': conversion from 'double' to 'float', possible loss of data
c:\users\user\source\repos\openglsetup\openglsetup\main.cpp(626): warning C4244: 'initializing': conversion from 'double' to 'float', possible loss of data
c:\users\user\source\repos\openglsetup\openglsetup\main.cpp(627): warning C4244: 'initializing': conversion from 'double' to 'float', possible loss of data
c:\users\user\source\repos\openglsetup\openglsetup\main.cpp(665): warning C4305: 'initializing': truncation from 'double' to 'float'
c:\users\user\source\repos\openglsetup\openglsetup\main.cpp(754): warning C4244: 'argument': conversion from 'int' to 'GLfloat', possible loss of data
c:\users\user\source\repos\openglsetup\openglsetup\main.cpp(785): warning C4244: 'argument': conversion from 'GLdouble' to 'float', possible loss of data
c:\users\user\source\repos\openglsetup\openglsetup\main.cpp(909): warning C4305: 'initializing': truncation from 'double' to 'float'
c:\users\user\source\repos\openglsetup\openglsetup\main.cpp(957): warning C4244: 'argument': conversion from 'double' to 'GLfloat', possible loss of data
c:\users\user\source\repos\openglsetup\openglsetup\main.cpp(969): warning C4244: 'argument': conversion from 'double' to 'GLfloat', possible loss of data
c:\users\user\source\repos\openglsetup\openglsetup\main.cpp(971): warning C4244: 'argument': conversion from 'double' to 'float', possible loss of data
c:\users\user\source\repos\openglsetup\openglsetup\main.cpp(975): warning C4244: 'argument': conversion from 'double' to 'GLfloat', possible loss of data
c:\users\user\source\repos\openglsetup\openglsetup\main.cpp(977): warning C4244: 'argument': conversion from 'double' to 'float', possible loss of data
c:\users\user\source\repos\openglsetup\openglsetup\main.cpp(985): warning C4244: 'argument': conversion from 'double' to 'GLfloat', possible loss of data
c:\users\user\source\repos\openglsetup\openglsetup\main.cpp(996): warning C4244: 'argument': conversion from 'double' to 'GLfloat', possible loss of data
c:\users\user\source\repos\openglsetup\openglsetup\main.cpp(1001): warning C4244: 'argument': conversion from 'double' to 'float', possible loss of data
c:\users\user\source\repos\openglsetup\openglsetup\main.cpp(1003): warning C4244: 'argument': conversion from 'double' to 'GLfloat', possible loss of data
c:\users\user\source\repos\openglsetup\openglsetup\main.cpp(1004): warning C4244: 'argument': conversion from 'double' to 'float', possible loss of data
c:\users\user\source\repos\openglsetup\openglsetup\main.cpp(1011): warning C4244: 'argument': conversion from 'double' to 'GLfloat', possible loss of data
c:\users\user\source\repos\openglsetup\openglsetup\main.cpp(1012): warning C4244: 'argument': conversion from 'double' to 'float', possible loss of data
c:\users\user\source\repos\openglsetup\openglsetup\main.cpp(1035): warning C4244: 'argument': conversion from 'double' to 'GLfloat', possible loss of data
c:\users\user\source\repos\openglsetup\openglsetup\main.cpp(1047): warning C4244: 'argument': conversion from 'double' to 'GLfloat', possible loss of data
c:\users\user\source\repos\openglsetup\openglsetup\main.cpp(1049): warning C4244: 'argument': conversion from 'double' to 'float', possible loss of data
c:\users\user\source\repos\openglsetup\openglsetup\main.cpp(1053): warning C4244: 'argument': conversion from 'double' to 'GLfloat', possible loss of data
c:\users\user\source\repos\openglsetup\openglsetup\main.cpp(1055): warning C4244: 'argument': conversion from 'double' to 'float', possible loss of data
c:\users\user\source\repos\openglsetup\openglsetup\main.cpp(1063): warning C4244: 'argument': conversion from 'double' to 'GLfloat', possible loss of data
c:\users\user\source\repos\openglsetup\openglsetup\main.cpp(1074): warning C4244: 'argument': conversion from 'double' to 'GLfloat', possible loss of data
c:\users\user\source\repos\openglsetup\openglsetup\main.cpp(1079): warning C4244: 'argument': conversion from 'double' to 'float', possible loss of data
c:\users\user\source\repos\openglsetup\openglsetup\main.cpp(1081): warning C4244: 'argument': conversion from 'double' to 'GLfloat', possible loss of data
c:\users\user\source\repos\openglsetup\openglsetup\main.cpp(1082): warning C4244: 'argument': conversion from 'double' to 'float', possible loss of data
c:\users\user\source\repos\openglsetup\openglsetup\main.cpp(1089): warning C4244: 'argument': conversion from 'double' to 'GLfloat', possible loss of data
c:\users\user\source\repos\openglsetup\openglsetup\main.cpp(1090): warning C4244: 'argument': conversion from 'double' to 'float', possible loss of data
c:\users\user\source\repos\openglsetup\openglsetup\main.cpp(1151): warning C4244: 'argument': conversion from 'double' to 'GLfloat', possible loss of data
c:\users\user\source\repos\openglsetup\openglsetup\main.cpp(1165): warning C4244: 'argument': conversion from 'double' to 'GLfloat', possible loss of data
c:\users\user\source\repos\openglsetup\openglsetup\main.cpp(1167): warning C4244: 'argument': conversion from 'double' to 'float', possible loss of data
c:\users\user\source\repos\openglsetup\openglsetup\main.cpp(1174): warning C4244: 'argument': conversion from 'double' to 'float', possible loss of data
c:\users\user\source\repos\openglsetup\openglsetup\main.cpp(1185): warning C4244: 'argument': conversion from 'double' to 'GLfloat', possible loss of data
c:\users\user\source\repos\openglsetup\openglsetup\main.cpp(1188): warning C4244: 'argument': conversion from 'double' to 'float', possible loss of data
c:\users\user\source\repos\openglsetup\openglsetup\main.cpp(1191): warning C4244: 'argument': conversion from 'double' to 'GLfloat', possible loss of data
c:\users\user\source\repos\openglsetup\openglsetup\main.cpp(1192): warning C4244: 'argument': conversion from 'double' to 'float', possible loss of data
c:\users\user\source\repos\openglsetup\openglsetup\main.cpp(1196): warning C4244: 'argument': conversion from 'double' to 'GLfloat', possible loss of data
c:\users\user\source\repos\openglsetup\openglsetup\main.cpp(1200): warning C4244: 'argument': conversion from 'double' to 'float', possible loss of data
c:\users\user\source\repos\openglsetup\openglsetup\main.cpp(1210): warning C4244: 'argument': conversion from 'double' to 'GLfloat', possible loss of data
c:\users\user\source\repos\openglsetup\openglsetup\main.cpp(1212): warning C4244: 'argument': conversion from 'double' to 'float', possible loss of data
c:\users\user\source\repos\openglsetup\openglsetup\main.cpp(1217): warning C4244: 'argument': conversion from 'double' to 'GLfloat', possible loss of data
c:\users\user\source\repos\openglsetup\openglsetup\main.cpp(1219): warning C4244: 'argument': conversion from 'double' to 'float', possible loss of data
c:\users\user\source\repos\openglsetup\openglsetup\main.cpp(1224): warning C4244: 'argument': conversion from 'double' to 'GLfloat', possible loss of data
c:\users\user\source\repos\openglsetup\openglsetup\main.cpp(1226): warning C4244: 'argument': conversion from 'double' to 'float', possible loss of data
c:\users\user\source\repos\openglsetup\openglsetup\main.cpp(1231): warning C4244: 'argument': conversion from 'double' to 'GLfloat', possible loss of data
c:\users\user\source\repos\openglsetup\openglsetup\main.cpp(1234): warning C4244: 'argument': conversion from 'double' to 'float', possible loss of data
c:\users\user\source\repos\openglsetup\openglsetup\main.cpp(1254): warning C4305: 'argument': truncation from 'double' to 'GLfloat'
c:\users\user\source\repos\openglsetup\openglsetup\main.cpp(1261): warning C4244: 'argument': conversion from 'double' to 'GLfloat', possible loss of data
c:\users\user\source\repos\openglsetup\openglsetup\main.cpp(1266): warning C4244: 'argument': conversion from 'double' to 'GLfloat', possible loss of data
c:\users\user\source\repos\openglsetup\openglsetup\main.cpp(1268): warning C4244: 'argument': conversion from 'double' to 'float', possible loss of data
c:\users\user\source\repos\openglsetup\openglsetup\main.cpp(1273): warning C4244: 'argument': conversion from 'double' to 'GLfloat', possible loss of data
c:\users\user\source\repos\openglsetup\openglsetup\main.cpp(1275): warning C4244: 'argument': conversion from 'double' to 'float', possible loss of data
c:\users\user\source\repos\openglsetup\openglsetup\main.cpp(1295): warning C4244: 'argument': conversion from 'double' to 'GLfloat', possible loss of data
c:\users\user\source\repos\openglsetup\openglsetup\main.cpp(1312): warning C4305: 'argument': truncation from 'double' to 'GLfloat'
c:\users\user\source\repos\openglsetup\openglsetup\main.cpp(1321): warning C4244: 'argument': conversion from 'double' to 'GLfloat', possible loss of data
c:\users\user\source\repos\openglsetup\openglsetup\main.cpp(1335): warning C4305: 'initializing': truncation from 'double' to 'float'
c:\users\user\source\repos\openglsetup\openglsetup\main.cpp(1347): warning C4305: 'argument': truncation from 'double' to 'GLfloat'
c:\users\user\source\repos\openglsetup\openglsetup\main.cpp(1360): warning C4305: 'argument': truncation from 'double' to 'float'
c:\users\user\source\repos\openglsetup\openglsetup\main.cpp(1368): warning C4305: 'argument': truncation from 'double' to 'GLfloat'
c:\users\user\source\repos\openglsetup\openglsetup\main.cpp(1389): warning C4244: 'argument': conversion from 'double' to 'GLfloat', possible loss of data
c:\users\user\source\repos\openglsetup\openglsetup\main.cpp(1404): warning C4244: 'argument': conversion from 'double' to 'GLfloat', possible loss of data
c:\users\user\source\repos\openglsetup\openglsetup\main.cpp(1418): warning C4244: 'argument': conversion from 'double' to 'GLfloat', possible loss of data
c:\users\user\source\repos\openglsetup\openglsetup\main.cpp(1420): warning C4244: 'argument': conversion from 'double' to 'float', possible loss of data
c:\users\user\source\repos\openglsetup\openglsetup\main.cpp(1427): warning C4244: 'argument': conversion from 'double' to 'float', possible loss of data
c:\users\user\source\repos\openglsetup\openglsetup\main.cpp(1438): warning C4244: 'argument': conversion from 'double' to 'GLfloat', possible loss of data
c:\users\user\source\repos\openglsetup\openglsetup\main.cpp(1441): warning C4244: 'argument': conversion from 'double' to 'float', possible loss of data
c:\users\user\source\repos\openglsetup\openglsetup\main.cpp(1444): warning C4244: 'argument': conversion from 'double' to 'GLfloat', possible loss of data
c:\users\user\source\repos\openglsetup\openglsetup\main.cpp(1445): warning C4244: 'argument': conversion from 'double' to 'float', possible loss of data
c:\users\user\source\repos\openglsetup\openglsetup\main.cpp(1449): warning C4244: 'argument': conversion from 'double' to 'GLfloat', possible loss of data
c:\users\user\source\repos\openglsetup\openglsetup\main.cpp(1453): warning C4244: 'argument': conversion from 'double' to 'float', possible loss of data
c:\users\user\source\repos\openglsetup\openglsetup\main.cpp(1461): warning C4244: 'argument': conversion from 'double' to 'GLfloat', possible loss of data
c:\users\user\source\repos\openglsetup\openglsetup\main.cpp(1463): warning C4244: 'argument': conversion from 'double' to 'float', possible loss of data
c:\users\user\source\repos\openglsetup\openglsetup\main.cpp(1468): warning C4244: 'argument': conversion from 'double' to 'GLfloat', possible loss of data
c:\users\user\source\repos\openglsetup\openglsetup\main.cpp(1470): warning C4244: 'argument': conversion from 'double' to 'float', possible loss of data
c:\users\user\source\repos\openglsetup\openglsetup\main.cpp(1475): warning C4244: 'argument': conversion from 'double' to 'GLfloat', possible loss of data
c:\users\user\source\repos\openglsetup\openglsetup\main.cpp(1477): warning C4244: 'argument': conversion from 'double' to 'float', possible loss of data
c:\users\user\source\repos\openglsetup\openglsetup\main.cpp(1482): warning C4244: 'argument': conversion from 'double' to 'GLfloat', possible loss of data
c:\users\user\source\repos\openglsetup\openglsetup\main.cpp(1485): warning C4244: 'argument': conversion from 'double' to 'float', possible loss of data
  OpenGLSetup.vcxproj -> C:\Users\User\source\repos\OpenGLSetup\Debug\OpenGLSetup.exe
          1 file(s) copied.
